d:\github\tanks\bin\intermediates\win32\debug\vc142.pdb
d:\github\tanks\bin\intermediates\win32\debug\vc142.idb
d:\github\tanks\bin\intermediates\win32\debug\state.obj
d:\github\tanks\bin\intermediates\win32\debug\main.obj
d:\github\tanks\bin\intermediates\win32\debug\game.obj
d:\github\tanks\bin\intermediates\win32\debug\gamestate.obj
d:\github\tanks\bin\intermediates\win32\debug\entity.obj
d:\github\tanks\bin\intermediates\win32\debug\mainmenustate.obj
d:\github\tanks\bin\intermediates\win32\debug\button.obj
d:\github\tanks\bin\intermediates\win32\debug\tank.obj
d:\github\tanks\bin\intermediates\win32\debug\player.obj
d:\github\tanks\bin\intermediates\win32\debug\hitbox.obj
d:\github\tanks\bin\intermediates\win32\debug\enemy.obj
d:\github\tanks\bin\intermediates\win32\debug\playertier1tank.obj
d:\github\tanks\bin\intermediates\win32\debug\standartbullet.obj
d:\github\tanks\bin\intermediates\win32\debug\projectile.obj
d:\github\tanks\bin\intermediates\win32\debug\enemytank.obj
d:\github\tanks\bin\win32\debug\tanks.exe
d:\github\tanks\bin\win32\debug\tanks.ilk
d:\github\tanks\bin\win32\debug\tanks.pdb
d:\github\tanks\bin\intermediates\win32\debug\tanks.tlog\cl.command.1.tlog
d:\github\tanks\bin\intermediates\win32\debug\tanks.tlog\cl.read.1.tlog
d:\github\tanks\bin\intermediates\win32\debug\tanks.tlog\cl.write.1.tlog
d:\github\tanks\bin\intermediates\win32\debug\tanks.tlog\link.command.1.tlog
d:\github\tanks\bin\intermediates\win32\debug\tanks.tlog\link.read.1.tlog
d:\github\tanks\bin\intermediates\win32\debug\tanks.tlog\link.write.1.tlog
