  EnemyLittleTank.cpp
  PlayerTier1Tank.cpp
  EnemyTank.cpp
  Game.cpp
  Main.cpp
D:\GitHub\Tanks\Tanks\Main\Main.cpp(4,22): warning C4244: 'argument': conversion from 'time_t' to 'unsigned int', possible loss of data
  Projectile.cpp
  StandartBullet.cpp
  Player.cpp
D:\GitHub\Tanks\Tanks\Entities\Player\Player.cpp(79,17): warning C4244: 'initializing': conversion from 'double' to 'float', possible loss of data
  Button.cpp
  MainMenuState.cpp
  Entity.cpp
  GameState.cpp
D:\GitHub\Tanks\Tanks\States\GameState.cpp(76,20): warning C4018: '<': signed/unsigned mismatch
  State.cpp
  Tank.cpp
  Hitbox.cpp
  SAT.cpp
D:\GitHub\Tanks\Tanks\Utils\SAT.cpp(18,20): warning C4018: '<': signed/unsigned mismatch
  Generating Code...
  Tanks.vcxproj -> D:\GitHub\Tanks\bin\Win32\Debug\Tanks.exe
